2025-04-08 23:20:41.798070 - Received CBT.V508.FILE104.PDS from FILE104.XMI 
2025-04-08 23:20:41.801923 - Found $$$#DATE.txt (text/plain) in CBT.V508.FILE104.PDS, moved to PDS/$$$#DATE
2025-04-08 23:20:41.802613 - Found $$$DOC.txt (text/plain) in CBT.V508.FILE104.PDS, moved to PDS/$$$DOC
2025-04-08 23:20:41.803310 - Found $$DOC.txt (text/plain) in CBT.V508.FILE104.PDS, moved to PDS/$$DOC
2025-04-08 23:20:41.804029 - Found $$DOCOL.txt (text/plain) in CBT.V508.FILE104.PDS, moved to PDS/$$DOCOL
2025-04-08 23:20:41.804645 - Found $SBGINST.jcl (text/plain) in CBT.V508.FILE104.PDS, moved to PDS/$SBGINST
2025-04-08 23:20:41.805388 - Found @FILE104.txt (text/plain) in CBT.V508.FILE104.PDS, moved to PDS/@FILE104
2025-04-08 23:20:41.806009 - Found DHCINST.txt (text/plain) in CBT.V508.FILE104.PDS, moved to PDS/DHCINST
2025-04-08 23:20:41.806710 - Found DHC100A.txt (text/plain) in CBT.V508.FILE104.PDS, moved to PDS/DHC100A
2025-04-08 23:20:41.807340 - Found DHC121A.txt (text/plain) in CBT.V508.FILE104.PDS, moved to PDS/DHC121A
2025-04-08 23:20:41.808126 - Found DHC121B.txt (text/plain) in CBT.V508.FILE104.PDS, moved to PDS/DHC121B
2025-04-08 23:20:41.808828 - Found DHC300A.txt (text/plain) in CBT.V508.FILE104.PDS, moved to PDS/DHC300A
2025-04-08 23:20:41.809473 - Found DHC300B.txt (text/plain) in CBT.V508.FILE104.PDS, moved to PDS/DHC300B
2025-04-08 23:20:41.810079 - Found DHC300C.txt (text/plain) in CBT.V508.FILE104.PDS, moved to PDS/DHC300C
2025-04-08 23:20:41.810844 - Found JRP.txt (text/plain) in CBT.V508.FILE104.PDS, moved to PDS/JRP
2025-04-08 23:20:41.811515 - Found JRPDMAC.txt (text/plain) in CBT.V508.FILE104.PDS, moved to PDS/JRPDMAC
2025-04-08 23:20:41.812107 - Found JRPDMACX.txt (text/plain) in CBT.V508.FILE104.PDS, moved to PDS/JRPDMACX
2025-04-08 23:20:41.812642 - Found JRPDOCP.jcl (text/plain) in CBT.V508.FILE104.PDS, moved to PDS/JRPDOCP
2025-04-08 23:20:41.813241 - Found JRPEX.txt (text/plain) in CBT.V508.FILE104.PDS, moved to PDS/JRPEX
2025-04-08 23:20:41.814013 - Found JRPINIT.txt (text/plain) in CBT.V508.FILE104.PDS, moved to PDS/JRPINIT
2025-04-08 23:20:41.814659 - Found JRPINST.jcl (text/plain) in CBT.V508.FILE104.PDS, moved to PDS/JRPINST
2025-04-08 23:20:41.815263 - Found JRPREGS.txt (text/plain) in CBT.V508.FILE104.PDS, moved to PDS/JRPREGS
2025-04-08 23:20:41.816019 - Found JRPRINT.txt (text/plain) in CBT.V508.FILE104.PDS, moved to PDS/JRPRINT
2025-04-08 23:20:41.816663 - Found JRPRINTH.txt (text/plain) in CBT.V508.FILE104.PDS, moved to PDS/JRPRINTH
2025-04-08 23:20:41.817401 - Found JRPRTRN.txt (text/plain) in CBT.V508.FILE104.PDS, moved to PDS/JRPRTRN
2025-04-08 23:20:41.818097 - Found JRPSAVE.txt (text/plain) in CBT.V508.FILE104.PDS, moved to PDS/JRPSAVE
2025-04-08 23:20:41.818728 - Found JRPSMAC.txt (text/plain) in CBT.V508.FILE104.PDS, moved to PDS/JRPSMAC
2025-04-08 23:20:41.819390 - Found JRPSMACX.txt (text/plain) in CBT.V508.FILE104.PDS, moved to PDS/JRPSMACX
2025-04-08 23:20:41.820088 - Found JRPTMAC.txt (text/plain) in CBT.V508.FILE104.PDS, moved to PDS/JRPTMAC
2025-04-08 23:20:41.820655 - Found JRPUNLD.jcl (text/plain) in CBT.V508.FILE104.PDS, moved to PDS/JRPUNLD
2025-04-08 23:20:41.821317 - Found JRP100.txt (text/plain) in CBT.V508.FILE104.PDS, moved to PDS/JRP100
2025-04-08 23:20:41.821942 - Found JRP100OL.txt (text/plain) in CBT.V508.FILE104.PDS, moved to PDS/JRP100OL
2025-04-08 23:20:41.822658 - Found JRP110.txt (text/plain) in CBT.V508.FILE104.PDS, moved to PDS/JRP110
2025-04-08 23:20:41.823404 - Found JRP110OL.txt (text/plain) in CBT.V508.FILE104.PDS, moved to PDS/JRP110OL
2025-04-08 23:20:41.824044 - Found JRP120.txt (text/plain) in CBT.V508.FILE104.PDS, moved to PDS/JRP120
2025-04-08 23:20:41.824754 - Found JRP121.txt (text/plain) in CBT.V508.FILE104.PDS, moved to PDS/JRP121
2025-04-08 23:20:41.825417 - Found JRP121OL.txt (text/plain) in CBT.V508.FILE104.PDS, moved to PDS/JRP121OL
2025-04-08 23:20:41.826164 - Found JRP122.txt (text/plain) in CBT.V508.FILE104.PDS, moved to PDS/JRP122
2025-04-08 23:20:41.826841 - Found JRP123.txt (text/plain) in CBT.V508.FILE104.PDS, moved to PDS/JRP123
2025-04-08 23:20:41.827443 - Found JRP200.txt (text/plain) in CBT.V508.FILE104.PDS, moved to PDS/JRP200
2025-04-08 23:20:41.828102 - Found JRP210.txt (text/plain) in CBT.V508.FILE104.PDS, moved to PDS/JRP210
2025-04-08 23:20:41.828898 - Found JRP220.txt (text/plain) in CBT.V508.FILE104.PDS, moved to PDS/JRP220
2025-04-08 23:20:41.829638 - Found JRP300.txt (text/plain) in CBT.V508.FILE104.PDS, moved to PDS/JRP300
2025-04-08 23:20:41.830248 - Found JRP300OL.txt (text/plain) in CBT.V508.FILE104.PDS, moved to PDS/JRP300OL
2025-04-08 23:20:41.831006 - Found JRP300RT.txt (text/plain) in CBT.V508.FILE104.PDS, moved to PDS/JRP300RT
2025-04-08 23:20:41.831805 - Found JRP310.txt (text/plain) in CBT.V508.FILE104.PDS, moved to PDS/JRP310
2025-04-08 23:20:41.832492 - Found MDCB.txt (text/plain) in CBT.V508.FILE104.PDS, moved to PDS/MDCB
2025-04-08 23:20:41.833094 - Found RIN.txt (text/plain) in CBT.V508.FILE104.PDS, moved to PDS/RIN
2025-04-08 23:20:41.833761 - Found ROUT.txt (text/plain) in CBT.V508.FILE104.PDS, moved to PDS/ROUT
